C:\USERS\ENGENHARIA\DESKTOP\LDPC_GRANDE_NEW\LDPC\DEBUG\LDPC.PCH
C:\USERS\ENGENHARIA\DESKTOP\LDPC_GRANDE_NEW\LDPC\DEBUG\STDAFX.OBJ
C:\USERS\ENGENHARIA\DESKTOP\LDPC_GRANDE_NEW\LDPC\DEBUG\VC110.PDB
C:\USERS\ENGENHARIA\DESKTOP\LDPC_GRANDE_NEW\LDPC\DEBUG\LDPC.OBJ
C:\USERS\ENGENHARIA\DESKTOP\LDPC_GRANDE_NEW\DEBUG\LDPC.ILK
C:\USERS\ENGENHARIA\DESKTOP\LDPC_GRANDE_NEW\DEBUG\LDPC.EXE
C:\USERS\ENGENHARIA\DESKTOP\LDPC_GRANDE_NEW\DEBUG\LDPC.PDB
C:\Users\Engenharia\Desktop\LDPC_grande_new\LDPC\Debug\LDPC.obj
C:\Users\Engenharia\Desktop\LDPC_grande_new\LDPC\Debug\stdafx.obj
C:\Users\Engenharia\Desktop\LDPC_grande_new\LDPC\Debug\cl.command.1.tlog
C:\Users\Engenharia\Desktop\LDPC_grande_new\LDPC\Debug\CL.read.1.tlog
C:\Users\Engenharia\Desktop\LDPC_grande_new\LDPC\Debug\CL.write.1.tlog
C:\Users\Engenharia\Desktop\LDPC_grande_new\LDPC\Debug\link-cvtres.read.1.tlog
C:\Users\Engenharia\Desktop\LDPC_grande_new\LDPC\Debug\link-cvtres.write.1.tlog
C:\Users\Engenharia\Desktop\LDPC_grande_new\LDPC\Debug\link-rc.read.1.tlog
C:\Users\Engenharia\Desktop\LDPC_grande_new\LDPC\Debug\link-rc.write.1.tlog
C:\Users\Engenharia\Desktop\LDPC_grande_new\LDPC\Debug\link.3724-cvtres.read.1.tlog
C:\Users\Engenharia\Desktop\LDPC_grande_new\LDPC\Debug\link.3724-cvtres.write.1.tlog
C:\Users\Engenharia\Desktop\LDPC_grande_new\LDPC\Debug\link.3724-rc.read.1.tlog
C:\Users\Engenharia\Desktop\LDPC_grande_new\LDPC\Debug\link.3724-rc.write.1.tlog
C:\Users\Engenharia\Desktop\LDPC_grande_new\LDPC\Debug\link.3724.read.1.tlog
C:\Users\Engenharia\Desktop\LDPC_grande_new\LDPC\Debug\link.3724.write.1.tlog
C:\Users\Engenharia\Desktop\LDPC_grande_new\LDPC\Debug\link.6424-cvtres.read.1.tlog
C:\Users\Engenharia\Desktop\LDPC_grande_new\LDPC\Debug\link.6424-cvtres.write.1.tlog
C:\Users\Engenharia\Desktop\LDPC_grande_new\LDPC\Debug\link.6424-rc.read.1.tlog
C:\Users\Engenharia\Desktop\LDPC_grande_new\LDPC\Debug\link.6424-rc.write.1.tlog
C:\Users\Engenharia\Desktop\LDPC_grande_new\LDPC\Debug\link.6424.read.1.tlog
C:\Users\Engenharia\Desktop\LDPC_grande_new\LDPC\Debug\link.6424.write.1.tlog
C:\Users\Engenharia\Desktop\LDPC_grande_new\LDPC\Debug\link.7348-cvtres.read.1.tlog
C:\Users\Engenharia\Desktop\LDPC_grande_new\LDPC\Debug\link.7348-cvtres.write.1.tlog
C:\Users\Engenharia\Desktop\LDPC_grande_new\LDPC\Debug\link.7348-rc.read.1.tlog
C:\Users\Engenharia\Desktop\LDPC_grande_new\LDPC\Debug\link.7348-rc.write.1.tlog
C:\Users\Engenharia\Desktop\LDPC_grande_new\LDPC\Debug\link.7348.read.1.tlog
C:\Users\Engenharia\Desktop\LDPC_grande_new\LDPC\Debug\link.7348.write.1.tlog
C:\Users\Engenharia\Desktop\LDPC_grande_new\LDPC\Debug\link.7904-cvtres.read.1.tlog
C:\Users\Engenharia\Desktop\LDPC_grande_new\LDPC\Debug\link.7904-cvtres.write.1.tlog
C:\Users\Engenharia\Desktop\LDPC_grande_new\LDPC\Debug\link.7904-rc.read.1.tlog
C:\Users\Engenharia\Desktop\LDPC_grande_new\LDPC\Debug\link.7904-rc.write.1.tlog
C:\Users\Engenharia\Desktop\LDPC_grande_new\LDPC\Debug\link.7904.read.1.tlog
C:\Users\Engenharia\Desktop\LDPC_grande_new\LDPC\Debug\link.7904.write.1.tlog
C:\Users\Engenharia\Desktop\LDPC_grande_new\LDPC\Debug\link.command.1.tlog
C:\Users\Engenharia\Desktop\LDPC_grande_new\LDPC\Debug\link.read.1.tlog
C:\Users\Engenharia\Desktop\LDPC_grande_new\LDPC\Debug\link.write.1.tlog
C:\Users\Engenharia\Desktop\LDPC_grande_new\LDPC\Debug\LDPC.pch
C:\Users\Engenharia\Desktop\LDPC_grande_new\LDPC\Debug\vc110.idb
C:\Users\Engenharia\Desktop\LDPC_grande_new\LDPC\Debug\vc110.pdb
C:\Users\Engenharia\Desktop\LDPC_grande_new\Debug\LDPC.pdb
C:\Users\Engenharia\Desktop\LDPC_grande_new\Debug\LDPC.exe
C:\Users\Engenharia\Desktop\LDPC_grande_new\Debug\LDPC.ilk
